<?xml version="1.0" encoding="UTF-8"?>
<testsuite xmlns:xsi="http://www.w3.org/2001/XMLSchema-instance" xsi:noNamespaceSchemaLocation="https://maven.apache.org/surefire/maven-surefire-plugin/xsd/surefire-test-report.xsd" name="ru.netology.statistics.SalesAnalyticsServiceTest" time="0.024" tests="6" errors="0" skipped="0" failures="0">
  <properties>
[...]
</properties>
  <testcase name="averageSale" classname="ru.netology.statistics.SalesAnalyticsServiceTest" time="0.015"/>
  <testcase name="serviceSum" classname="ru.netology.statistics.SalesAnalyticsServiceTest" time="0"/>
  <testcase name="aboveAverageSale" classname="ru.netology.statistics.SalesAnalyticsServiceTest" time="0.001"/>
  <testcase name="belowAverageSale" classname="ru.netology.statistics.SalesAnalyticsServiceTest" time="0"/>
  <testcase name="maxSale" classname="ru.netology.statistics.SalesAnalyticsServiceTest" time="0"/>
  <testcase name="minSale" classname="ru.netology.statistics.SalesAnalyticsServiceTest" time="0"/>
</testsuite>